<?xml version="1.0" encoding="UTF-8"?>
<!-- Generated by org.testng.reporters.JUnitReportReporter -->
<testsuite skipped="0" hostname="DESKTOP-6RJGASL" name="testCase.TC_002_Login" tests="1" failures="0" timestamp="2022-09-08T14:07:42 IST" time="14.416" errors="0">
  <testcase name="test_Login" time="14.416" classname="testCase.TC_002_Login"/>
  <system-out/>
</testsuite> <!-- testCase.TC_002_Login -->
