<?xml version="1.0" encoding="UTF-8"?>
<!-- Generated by org.testng.reporters.JUnitReportReporter -->
<testsuite skipped="0" hostname="DESKTOP-6RJGASL" name="testCase.TC_002_Login" tests="1" failures="0" timestamp="2022-09-12T16:04:52 IST" time="10.354" errors="0">
  <testcase name="test_Login" time="10.354" classname="testCase.TC_002_Login"/>
  <system-out/>
</testsuite> <!-- testCase.TC_002_Login -->
