<?xml version="1.0" encoding="UTF-8"?>
<!-- Generated by org.testng.reporters.JUnitReportReporter -->
<testsuite skipped="0" hostname="DESKTOP-6RJGASL" name="testCase.TC_001_Registration" tests="1" failures="0" timestamp="2022-09-12T16:04:52 IST" time="62.790" errors="0">
  <testcase name="test_Registration" time="62.790" classname="testCase.TC_001_Registration"/>
  <system-out/>
</testsuite> <!-- testCase.TC_001_Registration -->
